<?xml version="1.0" encoding="UTF-8"?>
<!-- Generated by org.testng.reporters.JUnitReportReporter -->
<testsuite skipped="0" hostname="Nazi" name="mavenmercury.Mavenproject.MercuryMavenTest" tests="2" failures="0" timestamp="25 Nov 2018 10:21:50 GMT" time="4.908" errors="0">
  <testcase name="maximize_browser" time="1.310" classname="mavenmercury.Mavenproject.MercuryMavenTest"/>
  <testcase name="loginwithvaliddetails" time="3.598" classname="mavenmercury.Mavenproject.MercuryMavenTest"/>
</testsuite> <!-- mavenmercury.Mavenproject.MercuryMavenTest -->
